<?xml version="1.0" encoding="UTF-8"?>
<testng-results ignored="0" total="2" passed="2" failed="0" skipped="0">
  <reporter-output>
  </reporter-output>
  <suite started-at="2026-04-30T12:04:26 IST" name="Default suite" finished-at="2026-04-30T12:04:26 IST" duration-ms="267">
    <groups>
    </groups>
    <test started-at="2026-04-30T12:04:26 IST" name="Default test" finished-at="2026-04-30T12:04:26 IST" duration-ms="267">
      <class name="Practices.MvnCommand_02.OrgTest">
        <test-method signature="createOrgTest()[pri:0, instance:Practices.MvnCommand_02.OrgTest@411f53a0]" started-at="2026-04-30T12:04:26 IST" name="createOrgTest" finished-at="2026-04-30T12:04:26 IST" duration-ms="48" status="PASS">
          <reporter-output>
          </reporter-output>
        </test-method> <!-- createOrgTest -->
        <test-method signature="modifyOrgTest()[pri:0, instance:Practices.MvnCommand_02.OrgTest@411f53a0]" started-at="2026-04-30T12:04:26 IST" name="modifyOrgTest" finished-at="2026-04-30T12:04:26 IST" duration-ms="12" status="PASS">
          <reporter-output>
          </reporter-output>
        </test-method> <!-- modifyOrgTest -->
      </class> <!-- Practices.MvnCommand_02.OrgTest -->
    </test> <!-- Default test -->
  </suite> <!-- Default suite -->
</testng-results>
