<?xml version="1.0" encoding="UTF-8"?>
<!-- Generated by org.testng.reporters.JUnitReportReporter -->
<testsuite hostname="SwapnilK" failures="0" tests="2" name="Practices.MvnCommand_02.OrgTest" time="0.060" errors="0" timestamp="2026-04-30T12:04:27 IST" skipped="0">
  <testcase classname="Practices.MvnCommand_02.OrgTest" name="createOrgTest" time="0.048"/>
  <testcase classname="Practices.MvnCommand_02.OrgTest" name="modifyOrgTest" time="0.012"/>
</testsuite> <!-- Practices.MvnCommand_02.OrgTest -->
